<?xml version="1.0" ?>
<testsuite errors="0" failures="0" name="TestHello-20210213122135" tests="3" time="0.017">
	<testcase classname="TestHello" name="test_hello" time="0.013"/>
	<testcase classname="TestHello" name="test_hello_hello" time="0.002"/>
	<testcase classname="TestHello" name="test_hello_name" time="0.002"/>
	<system-out>
<![CDATA[]]>	</system-out>
	<system-err>
<![CDATA[]]>	</system-err>
</testsuite>
